
--------------------------------------------------
TXLib соболезнует...

Программа: C:\Users\2023\Downloads\Mortal-combat-2D-edition--main\Mortal-combat-2D-edition--main\bin\Release\Mortal combat 2D edition.exe, файл: c:\codeblocks\codeblocks\mingw\include\txlib.h, строка: 13751, функция: bool {anonymous}::TX::txTransparentBlt(HDC, double, double, double, double, HDC, double, double, COLORREF),

Сообщение: Параметр "sourceImage" неверен. Возможно, этот холст не создан, или уже уничтожен, или не загрузилась картинка.

#1: TXLib [Ver: 00173a, Rev: 173, Date: 2024-06-23 22:37:05 +0400], Instance: 0x0051D56C (32-bit), Flags: CMdRe0, Thread: 0x1BB8 (Main), GetLastError(): 13 (Недопустимые данные). 

--------------------------------------------------
Стек вызовов:



--------------------------------------------------
Стек вызовов TX:

# 0 in bool {anonymous}::TX::txTransparentBlt(HDC, double, double, double, double, HDC, double, double, COLORREF) at c:\codeblocks\codeblocks\mingw\include\txlib.h:13751:

  13749: 
  13750: $1  if (_TX_HDC_FAILED (destImage))   return false;
=>13751: $   if (_TX_HDC_FAILED (sourceImage)) return false;
  13752: 
  13753:     // Это автоматическое определение размеров картинки (точнее, HDC источника - source) с помощью txGetExtent().

# 1 in void Mario::draw() at C:\Users\2023\Downloads\Mortal-combat-2D-edition--main\Mortal-combat-2D-edition--main\main.cpp:44:

     42:    void draw()
     43:    {
=>   44:         txTransparentBlt(txDC(), x, y, w, h, image, n_cadr*100, 0, TX_WHITE);
     45:    }
     46: };

--------------------------------------------------
Developed with:

The Dumb Artist Library (TX Library)
TXLib [Ver: 00173a, Rev: 173, Date: 2024-06-23 22:37:05 +0400]
Copyright (C) Ded (Ilya Dedinsky, http://txlib.ru) <mail@txlib.ru>
See license on: http://txlib.ru

TXLib file:	c:\codeblocks\codeblocks\mingw\include\txlib.h
Compiled:	Feb 13 2025 09:33:07, GNU g++ 4.8.1, std=201103L, MinGW Runtime 3.20, 32-bit, DEBUG
Started:	Feb 13 2025 09:33:53

Run file:	C:\Users\2023\Downloads\Mortal-combat-2D-edition--main\Mortal-combat-2D-edition--main\bin\Release\Mortal combat 2D edition.exe
Directory:	C:\Users\2023\Downloads\Mortal-combat-2D-edition--main\Mortal-combat-2D-edition--main

--------------------------------------------------

--------------------------------------------------
TXLib соболезнует...

Программа: C:\Users\2023\Downloads\Mortal-combat-2D-edition--main\Mortal-combat-2D-edition--main\bin\Release\Mortal combat 2D edition.exe, файл: c:\codeblocks\codeblocks\mingw\include\txlib.h, строка: 13751, функция: bool {anonymous}::TX::txTransparentBlt(HDC, double, double, double, double, HDC, double, double, COLORREF),

Сообщение: Параметр "sourceImage" неверен. Возможно, этот холст не создан, или уже уничтожен, или не загрузилась картинка.

#1: TXLib [Ver: 00173a, Rev: 173, Date: 2024-06-23 22:37:05 +0400], Instance: 0x0051D56C (32-bit), Flags: CMdRe0, Thread: 0x1A84 (Main), GetLastError(): 13 (Недопустимые данные). 

--------------------------------------------------
Стек вызовов:



--------------------------------------------------
Стек вызовов TX:

# 0 in bool {anonymous}::TX::txTransparentBlt(HDC, double, double, double, double, HDC, double, double, COLORREF) at c:\codeblocks\codeblocks\mingw\include\txlib.h:13751:

  13749: 
  13750: $1  if (_TX_HDC_FAILED (destImage))   return false;
=>13751: $   if (_TX_HDC_FAILED (sourceImage)) return false;
  13752: 
  13753:     // Это автоматическое определение размеров картинки (точнее, HDC источника - source) с помощью txGetExtent().

# 1 in void Mario::draw() at C:\Users\2023\Downloads\Mortal-combat-2D-edition--main\Mortal-combat-2D-edition--main\main.cpp:44:

     42:    void draw()
     43:    {
=>   44:         txTransparentBlt(txDC(), x, y, w, h, image, n_cadr*100, 0, TX_WHITE);
     45:    }
     46: };

--------------------------------------------------
Developed with:

The Dumb Artist Library (TX Library)
TXLib [Ver: 00173a, Rev: 173, Date: 2024-06-23 22:37:05 +0400]
Copyright (C) Ded (Ilya Dedinsky, http://txlib.ru) <mail@txlib.ru>
See license on: http://txlib.ru

TXLib file:	c:\codeblocks\codeblocks\mingw\include\txlib.h
Compiled:	Feb 13 2025 09:48:26, GNU g++ 4.8.1, std=201103L, MinGW Runtime 3.20, 32-bit, DEBUG
Started:	Feb 13 2025 09:49:07

Run file:	C:\Users\2023\Downloads\Mortal-combat-2D-edition--main\Mortal-combat-2D-edition--main\bin\Release\Mortal combat 2D edition.exe
Directory:	C:\Users\2023\Downloads\Mortal-combat-2D-edition--main\Mortal-combat-2D-edition--main

--------------------------------------------------

--------------------------------------------------
TXLib соболезнует...

Программа: C:\Users\2023\Downloads\Mortal-combat-2D-edition--main\Mortal-combat-2D-edition--main\bin\Release\Mortal combat 2D edition.exe, файл: c:\codeblocks\codeblocks\mingw\include\txlib.h, строка: 13751, функция: bool {anonymous}::TX::txTransparentBlt(HDC, double, double, double, double, HDC, double, double, COLORREF),

Сообщение: Параметр "sourceImage" неверен. Возможно, этот холст не создан, или уже уничтожен, или не загрузилась картинка.

#1: TXLib [Ver: 00173a, Rev: 173, Date: 2024-06-23 22:37:05 +0400], Instance: 0x0051D56C (32-bit), Flags: CMdRe0, Thread: 0x15D4 (Main), GetLastError(): 13 (Недопустимые данные). 

--------------------------------------------------
Стек вызовов:



--------------------------------------------------
Стек вызовов TX:

# 0 in bool {anonymous}::TX::txTransparentBlt(HDC, double, double, double, double, HDC, double, double, COLORREF) at c:\codeblocks\codeblocks\mingw\include\txlib.h:13751:

  13749: 
  13750: $1  if (_TX_HDC_FAILED (destImage))   return false;
=>13751: $   if (_TX_HDC_FAILED (sourceImage)) return false;
  13752: 
  13753:     // Это автоматическое определение размеров картинки (точнее, HDC источника - source) с помощью txGetExtent().

# 1 in void Mario::draw() at C:\Users\2023\Downloads\Mortal-combat-2D-edition--main\Mortal-combat-2D-edition--main\main.cpp:44:

     42:    void draw()
     43:    {
=>   44:         txTransparentBlt(txDC(), x, y, w, h, image, n_cadr*100, 0, TX_WHITE);
     45:    }
     46: };

--------------------------------------------------
Developed with:

The Dumb Artist Library (TX Library)
TXLib [Ver: 00173a, Rev: 173, Date: 2024-06-23 22:37:05 +0400]
Copyright (C) Ded (Ilya Dedinsky, http://txlib.ru) <mail@txlib.ru>
See license on: http://txlib.ru

TXLib file:	c:\codeblocks\codeblocks\mingw\include\txlib.h
Compiled:	Feb 13 2025 09:51:11, GNU g++ 4.8.1, std=201103L, MinGW Runtime 3.20, 32-bit, DEBUG
Started:	Feb 13 2025 09:51:50

Run file:	C:\Users\2023\Downloads\Mortal-combat-2D-edition--main\Mortal-combat-2D-edition--main\bin\Release\Mortal combat 2D edition.exe
Directory:	C:\Users\2023\Downloads\Mortal-combat-2D-edition--main\Mortal-combat-2D-edition--main

--------------------------------------------------

--------------------------------------------------
TXLib сообщает:

Программа: C:\Users\2023\Downloads\Mortal-combat-2D-edition--main\Mortal-combat-2D-edition--main\bin\Release\Mortal combat 2D edition.exe, файл: c:\codeblocks\codeblocks\mingw\include\txlib.h, строка: 13772, функция: bool {anonymous}::TX::txTransparentBlt(HDC, double, double, double, double, HDC, double, double, COLORREF),

Сообщение: Прямоугольник копируемой области {100, 0, 200, 108} не полностью лежит внутри изображения-источника {0, 0, 198, 79}, функция txTransparentBlt() работать не будет.

#1: TXLib [Ver: 00173a, Rev: 173, Date: 2024-06-23 22:37:05 +0400], Instance: 0x0051D56C (32-bit), Flags: CMdRe0, Thread: 0x1CE4 (Main), GetLastError(): 13 (Недопустимые данные). 
From: c:\codeblocks\codeblocks\mingw\include\txlib.h:13771 bool {anonymous}::TX::txTransparentBlt(HDC, double, double, double, double, HDC, double, double, COLORREF).

--------------------------------------------------
Стек вызовов:



--------------------------------------------------
Стек вызовов TX:

# 0 in bool {anonymous}::TX::txTransparentBlt(HDC, double, double, double, double, HDC, double, double, COLORREF) at c:\codeblocks\codeblocks\mingw\include\txlib.h:13771:

  13769:         {
  13770: $       SetLastError (ERROR_INVALID_DATA);
=>13771: $       TX_ERROR ("Прямоугольник копируемой области {%g, %g, %g, %g} не полностью лежит внутри изображения-источника {%d, %d, %d, %d}, "
  13772:                   "функция txTransparentBlt() работать не будет.", xSource, ySource, xSource + width, ySource + height, 0, 0, (int) size.x, (int) size.y);
  13773:         }

# 1 in void Mario::draw() at C:\Users\2023\Downloads\Mortal-combat-2D-edition--main\Mortal-combat-2D-edition--main\main.cpp:44:

     42:    void draw()
     43:    {
=>   44:         txTransparentBlt(txDC(), x, y, w, h, image, n_cadr*100, 0, TX_WHITE);
     45:    }
     46: };

--------------------------------------------------
Developed with:

The Dumb Artist Library (TX Library)
TXLib [Ver: 00173a, Rev: 173, Date: 2024-06-23 22:37:05 +0400]
Copyright (C) Ded (Ilya Dedinsky, http://txlib.ru) <mail@txlib.ru>
See license on: http://txlib.ru

TXLib file:	c:\codeblocks\codeblocks\mingw\include\txlib.h
Compiled:	Feb 13 2025 10:13:03, GNU g++ 4.8.1, std=201103L, MinGW Runtime 3.20, 32-bit, DEBUG
Started:	Feb 13 2025 10:13:40

Run file:	C:\Users\2023\Downloads\Mortal-combat-2D-edition--main\Mortal-combat-2D-edition--main\bin\Release\Mortal combat 2D edition.exe
Directory:	C:\Users\2023\Downloads\Mortal-combat-2D-edition--main\Mortal-combat-2D-edition--main

--------------------------------------------------

--------------------------------------------------
TXLib сообщает:

Программа: C:\Users\2023\Downloads\Mortal-combat-2D-edition--main\Mortal-combat-2D-edition--main\bin\Release\Mortal combat 2D edition.exe, файл: c:\codeblocks\codeblocks\mingw\include\txlib.h, строка: 13772, функция: bool {anonymous}::TX::txTransparentBlt(HDC, double, double, double, double, HDC, double, double, COLORREF),

Сообщение: Прямоугольник копируемой области {0, 0, 100, 108} не полностью лежит внутри изображения-источника {0, 0, 198, 79}, функция txTransparentBlt() работать не будет.

#1: TXLib [Ver: 00173a, Rev: 173, Date: 2024-06-23 22:37:05 +0400], Instance: 0x0051D56C (32-bit), Flags: CMdRe0, Thread: 0x1E2C (Main), GetLastError(): 13 (Недопустимые данные). 
From: c:\codeblocks\codeblocks\mingw\include\txlib.h:13771 bool {anonymous}::TX::txTransparentBlt(HDC, double, double, double, double, HDC, double, double, COLORREF).

--------------------------------------------------
Стек вызовов:



--------------------------------------------------
Стек вызовов TX:

# 0 in bool {anonymous}::TX::txTransparentBlt(HDC, double, double, double, double, HDC, double, double, COLORREF) at c:\codeblocks\codeblocks\mingw\include\txlib.h:13771:

  13769:         {
  13770: $       SetLastError (ERROR_INVALID_DATA);
=>13771: $       TX_ERROR ("Прямоугольник копируемой области {%g, %g, %g, %g} не полностью лежит внутри изображения-источника {%d, %d, %d, %d}, "
  13772:                   "функция txTransparentBlt() работать не будет.", xSource, ySource, xSource + width, ySource + height, 0, 0, (int) size.x, (int) size.y);
  13773:         }

# 1 in void Mario::draw() at C:\Users\2023\Downloads\Mortal-combat-2D-edition--main\Mortal-combat-2D-edition--main\main.cpp:44:

     42:    void draw()
     43:    {
=>   44:         txTransparentBlt(txDC(), x, y, w, h, image, n_cadr*100, 0, TX_WHITE);
     45:    }
     46: };

--------------------------------------------------
Developed with:

The Dumb Artist Library (TX Library)
TXLib [Ver: 00173a, Rev: 173, Date: 2024-06-23 22:37:05 +0400]
Copyright (C) Ded (Ilya Dedinsky, http://txlib.ru) <mail@txlib.ru>
See license on: http://txlib.ru

TXLib file:	c:\codeblocks\codeblocks\mingw\include\txlib.h
Compiled:	Feb 13 2025 10:14:43, GNU g++ 4.8.1, std=201103L, MinGW Runtime 3.20, 32-bit, DEBUG
Started:	Feb 13 2025 10:15:21

Run file:	C:\Users\2023\Downloads\Mortal-combat-2D-edition--main\Mortal-combat-2D-edition--main\bin\Release\Mortal combat 2D edition.exe
Directory:	C:\Users\2023\Downloads\Mortal-combat-2D-edition--main\Mortal-combat-2D-edition--main

--------------------------------------------------

--------------------------------------------------
TXLib сообщает:

Программа: C:\Users\2023\Downloads\Mortal-combat-2D-edition--main\Mortal-combat-2D-edition--main\bin\Release\Mortal combat 2D edition.exe, файл: c:\codeblocks\codeblocks\mingw\include\txlib.h, строка: 13772, функция: bool {anonymous}::TX::txTransparentBlt(HDC, double, double, double, double, HDC, double, double, COLORREF),

Сообщение: Прямоугольник копируемой области {100, 0, 200, 108} не полностью лежит внутри изображения-источника {0, 0, 198, 79}, функция txTransparentBlt() работать не будет.

#1: TXLib [Ver: 00173a, Rev: 173, Date: 2024-06-23 22:37:05 +0400], Instance: 0x0051D56C (32-bit), Flags: CMdRe0, Thread: 0x214C (Main), GetLastError(): 13 (Недопустимые данные). 
From: c:\codeblocks\codeblocks\mingw\include\txlib.h:13771 bool {anonymous}::TX::txTransparentBlt(HDC, double, double, double, double, HDC, double, double, COLORREF).

--------------------------------------------------
Стек вызовов:



--------------------------------------------------
Стек вызовов TX:

# 0 in bool {anonymous}::TX::txTransparentBlt(HDC, double, double, double, double, HDC, double, double, COLORREF) at c:\codeblocks\codeblocks\mingw\include\txlib.h:13771:

  13769:         {
  13770: $       SetLastError (ERROR_INVALID_DATA);
=>13771: $       TX_ERROR ("Прямоугольник копируемой области {%g, %g, %g, %g} не полностью лежит внутри изображения-источника {%d, %d, %d, %d}, "
  13772:                   "функция txTransparentBlt() работать не будет.", xSource, ySource, xSource + width, ySource + height, 0, 0, (int) size.x, (int) size.y);
  13773:         }

# 1 in void Mario::draw() at C:\Users\2023\Downloads\Mortal-combat-2D-edition--main\Mortal-combat-2D-edition--main\main.cpp:44:

     42:    void draw()
     43:    {
=>   44:         txTransparentBlt(txDC(), x, y, w, h, image, n_cadr*100, 0, TX_WHITE);
     45:    }
     46: };

--------------------------------------------------
Developed with:

The Dumb Artist Library (TX Library)
TXLib [Ver: 00173a, Rev: 173, Date: 2024-06-23 22:37:05 +0400]
Copyright (C) Ded (Ilya Dedinsky, http://txlib.ru) <mail@txlib.ru>
See license on: http://txlib.ru

TXLib file:	c:\codeblocks\codeblocks\mingw\include\txlib.h
Compiled:	Feb 13 2025 10:15:48, GNU g++ 4.8.1, std=201103L, MinGW Runtime 3.20, 32-bit, DEBUG
Started:	Feb 13 2025 10:16:25

Run file:	C:\Users\2023\Downloads\Mortal-combat-2D-edition--main\Mortal-combat-2D-edition--main\bin\Release\Mortal combat 2D edition.exe
Directory:	C:\Users\2023\Downloads\Mortal-combat-2D-edition--main\Mortal-combat-2D-edition--main

--------------------------------------------------

--------------------------------------------------
TXLib сообщает:

Программа: C:\Users\2023\Downloads\Mortal-combat-2D-edition--main\Mortal-combat-2D-edition--main\bin\Release\Mortal combat 2D edition.exe, файл: c:\codeblocks\codeblocks\mingw\include\txlib.h, строка: 13772, функция: bool {anonymous}::TX::txTransparentBlt(HDC, double, double, double, double, HDC, double, double, COLORREF),

Сообщение: Прямоугольник копируемой области {100, 0, 200, 108} не полностью лежит внутри изображения-источника {0, 0, 198, 79}, функция txTransparentBlt() работать не будет.

#1: TXLib [Ver: 00173a, Rev: 173, Date: 2024-06-23 22:37:05 +0400], Instance: 0x0051D56C (32-bit), Flags: CMdRe0, Thread: 0x19FC (Main), GetLastError(): 13 (Недопустимые данные). 
From: c:\codeblocks\codeblocks\mingw\include\txlib.h:13771 bool {anonymous}::TX::txTransparentBlt(HDC, double, double, double, double, HDC, double, double, COLORREF).

--------------------------------------------------
Стек вызовов:



--------------------------------------------------
Стек вызовов TX:

# 0 in bool {anonymous}::TX::txTransparentBlt(HDC, double, double, double, double, HDC, double, double, COLORREF) at c:\codeblocks\codeblocks\mingw\include\txlib.h:13771:

  13769:         {
  13770: $       SetLastError (ERROR_INVALID_DATA);
=>13771: $       TX_ERROR ("Прямоугольник копируемой области {%g, %g, %g, %g} не полностью лежит внутри изображения-источника {%d, %d, %d, %d}, "
  13772:                   "функция txTransparentBlt() работать не будет.", xSource, ySource, xSource + width, ySource + height, 0, 0, (int) size.x, (int) size.y);
  13773:         }

# 1 in void Mario::draw() at C:\Users\2023\Downloads\Mortal-combat-2D-edition--main\Mortal-combat-2D-edition--main\main.cpp:44:

     42:    void draw()
     43:    {
=>   44:         txTransparentBlt(txDC(), x, y, w, h, image, n_cadr*100, 0, TX_WHITE);
     45:    }
     46: };

--------------------------------------------------
Developed with:

The Dumb Artist Library (TX Library)
TXLib [Ver: 00173a, Rev: 173, Date: 2024-06-23 22:37:05 +0400]
Copyright (C) Ded (Ilya Dedinsky, http://txlib.ru) <mail@txlib.ru>
See license on: http://txlib.ru

TXLib file:	c:\codeblocks\codeblocks\mingw\include\txlib.h
Compiled:	Feb 25 2025 08:12:20, GNU g++ 4.8.1, std=201103L, MinGW Runtime 3.20, 32-bit, DEBUG
Started:	Feb 25 2025 08:13:02

Run file:	C:\Users\2023\Downloads\Mortal-combat-2D-edition--main\Mortal-combat-2D-edition--main\bin\Release\Mortal combat 2D edition.exe
Directory:	C:\Users\2023\Downloads\Mortal-combat-2D-edition--main\Mortal-combat-2D-edition--main

--------------------------------------------------

--------------------------------------------------
TXLib сообщает:

Программа: C:\Users\2023\Downloads\Mortal-combat-2D-edition--main\Mortal-combat-2D-edition--main\bin\Release\Mortal combat 2D edition.exe, файл: c:\codeblocks\codeblocks\mingw\include\txlib.h, строка: 13772, функция: bool {anonymous}::TX::txTransparentBlt(HDC, double, double, double, double, HDC, double, double, COLORREF),

Сообщение: Прямоугольник копируемой области {0, 0, 100, 108} не полностью лежит внутри изображения-источника {0, 0, 198, 79}, функция txTransparentBlt() работать не будет.

#2: TXLib [Ver: 00173a, Rev: 173, Date: 2024-06-23 22:37:05 +0400], Instance: 0x0051D56C (32-bit), Flags: CMdRe0, Thread: 0x19FC (Main), GetLastError(): 13 (Недопустимые данные). 
From: c:\codeblocks\codeblocks\mingw\include\txlib.h:13771 bool {anonymous}::TX::txTransparentBlt(HDC, double, double, double, double, HDC, double, double, COLORREF).

--------------------------------------------------
Стек вызовов:



--------------------------------------------------
Стек вызовов TX:

# 0 in bool {anonymous}::TX::txTransparentBlt(HDC, double, double, double, double, HDC, double, double, COLORREF) at c:\codeblocks\codeblocks\mingw\include\txlib.h:13771:

  13769:         {
  13770: $       SetLastError (ERROR_INVALID_DATA);
=>13771: $       TX_ERROR ("Прямоугольник копируемой области {%g, %g, %g, %g} не полностью лежит внутри изображения-источника {%d, %d, %d, %d}, "
  13772:                   "функция txTransparentBlt() работать не будет.", xSource, ySource, xSource + width, ySource + height, 0, 0, (int) size.x, (int) size.y);
  13773:         }

# 1 in void Mario::draw() at C:\Users\2023\Downloads\Mortal-combat-2D-edition--main\Mortal-combat-2D-edition--main\main.cpp:44:

     42:    void draw()
     43:    {
=>   44:         txTransparentBlt(txDC(), x, y, w, h, image, n_cadr*100, 0, TX_WHITE);
     45:    }
     46: };

--------------------------------------------------
Developed with:

The Dumb Artist Library (TX Library)
TXLib [Ver: 00173a, Rev: 173, Date: 2024-06-23 22:37:05 +0400]
Copyright (C) Ded (Ilya Dedinsky, http://txlib.ru) <mail@txlib.ru>
See license on: http://txlib.ru

TXLib file:	c:\codeblocks\codeblocks\mingw\include\txlib.h
Compiled:	Feb 25 2025 08:12:20, GNU g++ 4.8.1, std=201103L, MinGW Runtime 3.20, 32-bit, DEBUG
Started:	Feb 25 2025 08:13:01

Run file:	C:\Users\2023\Downloads\Mortal-combat-2D-edition--main\Mortal-combat-2D-edition--main\bin\Release\Mortal combat 2D edition.exe
Directory:	C:\Users\2023\Downloads\Mortal-combat-2D-edition--main\Mortal-combat-2D-edition--main

--------------------------------------------------

--------------------------------------------------
TXLib сообщает:

Программа: C:\Users\2023\Downloads\Mortal-combat-2D-edition--main\Mortal-combat-2D-edition--main\bin\Release\Mortal combat 2D edition.exe, файл: c:\codeblocks\codeblocks\mingw\include\txlib.h, строка: 13772, функция: bool {anonymous}::TX::txTransparentBlt(HDC, double, double, double, double, HDC, double, double, COLORREF),

Сообщение: Прямоугольник копируемой области {0, 0, 100, 108} не полностью лежит внутри изображения-источника {0, 0, 198, 79}, функция txTransparentBlt() работать не будет.

#3: TXLib [Ver: 00173a, Rev: 173, Date: 2024-06-23 22:37:05 +0400], Instance: 0x0051D56C (32-bit), Flags: CMdRe0, Thread: 0x19FC (Main), GetLastError(): 13 (Недопустимые данные). 
From: c:\codeblocks\codeblocks\mingw\include\txlib.h:13771 bool {anonymous}::TX::txTransparentBlt(HDC, double, double, double, double, HDC, double, double, COLORREF).

--------------------------------------------------
Стек вызовов:



--------------------------------------------------
Стек вызовов TX:

# 0 in bool {anonymous}::TX::txTransparentBlt(HDC, double, double, double, double, HDC, double, double, COLORREF) at c:\codeblocks\codeblocks\mingw\include\txlib.h:13771:

  13769:         {
  13770: $       SetLastError (ERROR_INVALID_DATA);
=>13771: $       TX_ERROR ("Прямоугольник копируемой области {%g, %g, %g, %g} не полностью лежит внутри изображения-источника {%d, %d, %d, %d}, "
  13772:                   "функция txTransparentBlt() работать не будет.", xSource, ySource, xSource + width, ySource + height, 0, 0, (int) size.x, (int) size.y);
  13773:         }

# 1 in void Mario::draw() at C:\Users\2023\Downloads\Mortal-combat-2D-edition--main\Mortal-combat-2D-edition--main\main.cpp:44:

     42:    void draw()
     43:    {
=>   44:         txTransparentBlt(txDC(), x, y, w, h, image, n_cadr*100, 0, TX_WHITE);
     45:    }
     46: };

--------------------------------------------------
Developed with:

The Dumb Artist Library (TX Library)
TXLib [Ver: 00173a, Rev: 173, Date: 2024-06-23 22:37:05 +0400]
Copyright (C) Ded (Ilya Dedinsky, http://txlib.ru) <mail@txlib.ru>
See license on: http://txlib.ru

TXLib file:	c:\codeblocks\codeblocks\mingw\include\txlib.h
Compiled:	Feb 25 2025 08:12:20, GNU g++ 4.8.1, std=201103L, MinGW Runtime 3.20, 32-bit, DEBUG
Started:	Feb 25 2025 08:13:02

Run file:	C:\Users\2023\Downloads\Mortal-combat-2D-edition--main\Mortal-combat-2D-edition--main\bin\Release\Mortal combat 2D edition.exe
Directory:	C:\Users\2023\Downloads\Mortal-combat-2D-edition--main\Mortal-combat-2D-edition--main

--------------------------------------------------
