
--------------------------------------------------
TXLib соболезнует...

Программа: C:\Христофоров Святослоав\Mortal-combat-2D-edition-main\Mortal-combat-2D-edition-main\bin\Debug\Mortal combat 2D edition.exe, файл: c:\codeblocks\codeblocks\mingw\include\txlib.h, строка: 13274, функция: HBRUSH__* {anonymous}::TX::txSetFillColor(COLORREF, HDC),

Сообщение: Окно рисования не создано или не в порядке.
Если вы указали параметр "dc", то он неверен.

#1: TXLib [Ver: 00173a, Rev: 173, Date: 2024-06-23 22:37:05 +0400], Instance: 0x005072FC (32-bit), Flags: Cmdre0, Thread: 0x2B00 (Main). 

--------------------------------------------------
Стек вызовов:



--------------------------------------------------
Стек вызовов TX:

# 0 in HBRUSH__* {anonymous}::TX::txSetFillColor(COLORREF, HDC) at c:\codeblocks\codeblocks\mingw\include\txlib.h:13274:

  13272: HBRUSH txSetFillColor (COLORREF color, HDC dc /*= txDC()*/)
  13273:     {
=>13274: $1  if (_TX_DEFAULT_HDC_FAILED (dc)) return NULL;
  13275: 
  13276: $   HBRUSH brush = (color == TX_TRANSPARENT)? (HBRUSH) Win32::GetStockObject (HOLLOW_BRUSH) : Win32::CreateSolidBrush (color);

# 1 in int main() at C:\Христофоров Святослоав\Mortal-combat-2D-edition-main\Mortal-combat-2D-edition-main\main.cpp:34:

     32: int main()
     33: {
=>   34: txSetFillColor(TX_LIGHTCYAN);
     35: txCreateWindow (1370, 710);
     36: txTextCursor (false);

--------------------------------------------------
Developed with:

The Dumb Artist Library (TX Library)
TXLib [Ver: 00173a, Rev: 173, Date: 2024-06-23 22:37:05 +0400]
Copyright (C) Ded (Ilya Dedinsky, http://txlib.ru) <mail@txlib.ru>
See license on: http://txlib.ru

TXLib file:	c:\codeblocks\codeblocks\mingw\include\txlib.h
Compiled:	Jan 16 2025 09:42:23, GNU g++ 4.8.1, std=201103L, MinGW Runtime 3.20, 32-bit, DEBUG
Started:	Jan 16 2025 09:42:28

Run file:	C:\Христофоров Святослоав\Mortal-combat-2D-edition-main\Mortal-combat-2D-edition-main\bin\Debug\Mortal combat 2D edition.exe
Directory:	C:\Христофоров Святослоав\Mortal-combat-2D-edition-main\Mortal-combat-2D-edition-main

--------------------------------------------------

--------------------------------------------------
TXLib сообщает:

Программа: C:\Христофоров Святослоав\Mortal-combat-2D-edition-main\Mortal-combat-2D-edition-main\bin\Debug\Mortal combat 2D edition.exe, файл: c:\codeblocks\codeblocks\mingw\include\txlib.h, строка: 13484, функция: bool {anonymous}::TX::txDrawText(double, double, double, double, const char*, unsigned int, HDC),

Сообщение: Параметр x0 = 900 больше, чем x1 = 400. Текст выводиться не будет.

#1: TXLib [Ver: 00173a, Rev: 173, Date: 2024-06-23 22:37:05 +0400], Instance: 0x005072FC (32-bit), Flags: CMdRe0, Thread: 0x14A0 (Main), GetLastError(): 13 (Недопустимые данные). 

--------------------------------------------------
Стек вызовов:



--------------------------------------------------
Стек вызовов TX:

# 0 in bool {anonymous}::TX::txDrawText(double, double, double, double, const char*, unsigned int, HDC) at c:\codeblocks\codeblocks\mingw\include\txlib.h:13484:

  13482:         {
  13483: $       SetLastError (ERROR_INVALID_DATA);
=>13484: $       TX_ERROR ("Параметр x0 = %g больше, чем x1 = %g. Текст выводиться не будет.", x0, x1);
  13485:         }
  13486: 

# 1 in int main() at C:\Христофоров Святослоав\Mortal-combat-2D-edition-main\Mortal-combat-2D-edition-main\main.cpp:39:

     37: txSetColor (TX_WHITE, 3);
     38: txSelectFont("Areal", 35);
=>   39: txDrawText(900, 800, 400, 500, "CCCCCCCCC");
     40: 
     41: 

--------------------------------------------------
Developed with:

The Dumb Artist Library (TX Library)
TXLib [Ver: 00173a, Rev: 173, Date: 2024-06-23 22:37:05 +0400]
Copyright (C) Ded (Ilya Dedinsky, http://txlib.ru) <mail@txlib.ru>
See license on: http://txlib.ru

TXLib file:	c:\codeblocks\codeblocks\mingw\include\txlib.h
Compiled:	Jan 16 2025 09:53:13, GNU g++ 4.8.1, std=201103L, MinGW Runtime 3.20, 32-bit, DEBUG
Started:	Jan 16 2025 09:53:18

Run file:	C:\Христофоров Святослоав\Mortal-combat-2D-edition-main\Mortal-combat-2D-edition-main\bin\Debug\Mortal combat 2D edition.exe
Directory:	C:\Христофоров Святослоав\Mortal-combat-2D-edition-main\Mortal-combat-2D-edition-main

--------------------------------------------------

--------------------------------------------------
TXLib сообщает:

Программа: C:\Христофоров Святослоав\Mortal-combat-2D-edition-main\Mortal-combat-2D-edition-main\bin\Debug\Mortal combat 2D edition.exe, файл: c:\codeblocks\codeblocks\mingw\include\txlib.h, строка: 13490, функция: bool {anonymous}::TX::txDrawText(double, double, double, double, const char*, unsigned int, HDC),

Сообщение: Параметр y0 = 800 больше, чем y1 = 500. Текст выводиться не будет.

#2: TXLib [Ver: 00173a, Rev: 173, Date: 2024-06-23 22:37:05 +0400], Instance: 0x005072FC (32-bit), Flags: CMdRe0, Thread: 0x14A0 (Main), GetLastError(): 13 (Недопустимые данные). 

--------------------------------------------------
Стек вызовов:



--------------------------------------------------
Стек вызовов TX:

# 0 in bool {anonymous}::TX::txDrawText(double, double, double, double, const char*, unsigned int, HDC) at c:\codeblocks\codeblocks\mingw\include\txlib.h:13490:

  13488:         {
  13489: $       SetLastError (ERROR_INVALID_DATA);
=>13490: $       TX_ERROR ("Параметр y0 = %g больше, чем y1 = %g. Текст выводиться не будет.", y0, y1);
  13491:         }
  13492: 

# 1 in int main() at C:\Христофоров Святослоав\Mortal-combat-2D-edition-main\Mortal-combat-2D-edition-main\main.cpp:39:

     37: txSetColor (TX_WHITE, 3);
     38: txSelectFont("Areal", 35);
=>   39: txDrawText(900, 800, 400, 500, "CCCCCCCCC");
     40: 
     41: 

--------------------------------------------------
Developed with:

The Dumb Artist Library (TX Library)
TXLib [Ver: 00173a, Rev: 173, Date: 2024-06-23 22:37:05 +0400]
Copyright (C) Ded (Ilya Dedinsky, http://txlib.ru) <mail@txlib.ru>
See license on: http://txlib.ru

TXLib file:	c:\codeblocks\codeblocks\mingw\include\txlib.h
Compiled:	Jan 16 2025 09:53:13, GNU g++ 4.8.1, std=201103L, MinGW Runtime 3.20, 32-bit, DEBUG
Started:	Jan 16 2025 09:53:19

Run file:	C:\Христофоров Святослоав\Mortal-combat-2D-edition-main\Mortal-combat-2D-edition-main\bin\Debug\Mortal combat 2D edition.exe
Directory:	C:\Христофоров Святослоав\Mortal-combat-2D-edition-main\Mortal-combat-2D-edition-main

--------------------------------------------------
